<?xml version="1.0" encoding="utf-8"?><testsuite errors="0" failures="0" name="pytest" skips="0" tests="4" time="0.251"><testcase classname="pytests.test_index" file="pytests/test_index.py" line="12" name="test_conda_environment_activated" time="0.0012392997741699219"></testcase><testcase classname="pytests.test_index" file="pytests/test_index.py" line="15" name="test_travel_month" time="0.0004398822784423828"></testcase><testcase classname="pytests.test_index" file="pytests/test_index.py" line="19" name="test_number_of_weeks" time="0.0003859996795654297"></testcase><testcase classname="pytests.test_index" file="pytests/test_index.py" line="23" name="test_travelling_schedule" time="0.0005261898040771484"></testcase></testsuite>